


ARM Macro Assembler    Page 1 


    1 00000000                 AREA             text, CODE, READONLY
    2 00000000         
    3 00000000                 EXPORT           example1
    4 00000000         
    5 00000000         example1
    6 00000000         
    7 00000000 F04F 0119       MOV              R1, #25
    8 00000004         
    9 00000004 F04F 024B       MOV              R2, #75
   10 00000008         
   11 00000008 4409            ADD              R1, R1, R1
   12 0000000A         
   13 0000000A 4770            BX               LR          ;
   14 0000000C         
   15 0000000C                 END
Command Line: --debug --xref --cpu=Cortex-M4.fp --apcs=interwork --depend=.\obj
ects\assemblyproj1.d -o.\objects\assemblyproj1.o -IC:\Keil\ARM\RV31\INC -IC:\Ke
il\ARM\CMSIS\Include -IC:\Keil\ARM\Inc\ST\STM32F4xx --predefine="__EVAL SETA 1"
 --list=.\assemblyproj1.lst AssemblyProj1.s



ARM Macro Assembler    Page 1 Alphabetic symbol ordering
Relocatable symbols

example1 00000000

Symbol: example1
   Definitions
      At line 5 in file AssemblyProj1.s
   Uses
      At line 3 in file AssemblyProj1.s
Comment: example1 used once
text 00000000

Symbol: text
   Definitions
      At line 1 in file AssemblyProj1.s
   Uses
      None
Comment: text unused
2 symbols
334 symbols in table
